
The following have been reloaded with a version change:
  1) GCC/9.3.0 => GCC/11.2.0
  2) GCCcore/9.3.0 => GCCcore/11.2.0
  3) OpenMPI/4.0.3-GCC-9.3.0 => OpenMPI/4.1.1-GCC-11.2.0
  4) OpenSSL/3 => OpenSSL/1.1
  5) UCX/1.8.0-GCCcore-9.3.0 => UCX/1.11.2-GCCcore-11.2.0
  6) XZ/5.2.5-GCCcore-9.3.0 => XZ/5.2.5-GCCcore-11.2.0
  7) binutils/2.34-GCCcore-9.3.0 => binutils/2.37-GCCcore-11.2.0
  8) hwloc/2.2.0-GCCcore-9.3.0 => hwloc/2.5.0-GCCcore-11.2.0
  9) libpciaccess/0.16-GCCcore-9.3.0 => libpciaccess/0.16-GCCcore-11.2.0
 10) libxml2/2.9.10-GCCcore-9.3.0 => libxml2/2.9.10-GCCcore-11.2.0
 11) numactl/2.0.13-GCCcore-9.3.0 => numactl/2.0.14-GCCcore-11.2.0
 12) zlib/1.2.11-GCCcore-9.3.0 => zlib/1.2.11-GCCcore-11.2.0

==========================================
MPI SCALABILITY TEST - TCP/IP MODE
Job ID: 5317306
==========================================

>>> Scenario 1: 4 processes / 1 node
Rank 0 can open file_y: data/data_y.txt
Chargement de 10000 échantillons.
MPI size: 4 | Batch size: 128 | Activation mode: 1
Epoch 0 - Loss: 0.631876 (lr=0.010000)
Epoch 1000 - Loss: 0.284925 (lr=0.010000)
Epoch 2000 - Loss: 0.275439 (lr=0.010000)
Epoch 3000 - Loss: 0.270794 (lr=0.010000)
Epoch 4000 - Loss: 0.268328 (lr=0.010000)
Weights saved (MPI).
Execution time: 1090.9478 seconds

>>> Scenario 2: 4 processes / 4 nodes
Rank 0 can open file_y: data/data_y.txt
Chargement de 10000 échantillons.
MPI size: 4 | Batch size: 128 | Activation mode: 1
Epoch 0 - Loss: 0.631876 (lr=0.010000)
Epoch 1000 - Loss: 0.284925 (lr=0.010000)
Epoch 2000 - Loss: 0.275439 (lr=0.010000)
Epoch 3000 - Loss: 0.270794 (lr=0.010000)
Epoch 4000 - Loss: 0.268328 (lr=0.010000)
Weights saved (MPI).
Execution time: 337.1018 seconds

>>> Scenario 3: 16 processes / 1 node
Rank 0 can open file_y: data/data_y.txt
Chargement de 10000 échantillons.
MPI size: 16 | Batch size: 128 | Activation mode: 1
Epoch 0 - Loss: 0.656590 (lr=0.010000)
Epoch 1000 - Loss: 0.299533 (lr=0.010000)
Epoch 2000 - Loss: 0.292148 (lr=0.010000)
Epoch 3000 - Loss: 0.288979 (lr=0.010000)
Epoch 4000 - Loss: 0.287253 (lr=0.010000)
Weights saved (MPI).
Execution time: 1174.5460 seconds

>>> Scenario 4: 16 processes / 4 nodes
Rank 0 can open file_y: data/data_y.txt
Chargement de 10000 échantillons.
MPI size: 16 | Batch size: 128 | Activation mode: 1
Epoch 0 - Loss: 0.656590 (lr=0.010000)
Epoch 1000 - Loss: 0.299533 (lr=0.010000)
Epoch 2000 - Loss: 0.292148 (lr=0.010000)
Epoch 3000 - Loss: 0.288979 (lr=0.010000)
Epoch 4000 - Loss: 0.287253 (lr=0.010000)
Weights saved (MPI).
Execution time: 1982.1492 seconds

>>> Scenario 5: 16 processes / 16 nodes
Rank 0 can open file_y: data/data_y.txt
Chargement de 10000 échantillons.
MPI size: 16 | Batch size: 128 | Activation mode: 1
Epoch 0 - Loss: 0.656590 (lr=0.010000)
Epoch 1000 - Loss: 0.299533 (lr=0.010000)
Epoch 2000 - Loss: 0.292148 (lr=0.010000)
Epoch 3000 - Loss: 0.288979 (lr=0.010000)
Epoch 4000 - Loss: 0.287253 (lr=0.010000)
Weights saved (MPI).
Execution time: 92.2654 seconds

==========================================
All Scenarios Complete
==========================================
